#
# A fatal error has been detected by the Java Runtime Environment:
#
#  SIGSEGV (0xb) at pc=0x64dcaac2, pid=21003, tid=3060935488
#
# JRE version: Java(TM) SE Runtime Environment (8.0_40-b25) (build 1.8.0_40-b25)
# Java VM: Java HotSpot(TM) Server VM (25.40-b25 mixed mode linux-x86 )
# Problematic frame:
# C  [libopenal.so+0x1bac2]  alcCreateContext+0xd2
#
# Failed to write core dump. Core dumps have been disabled. To enable core dumping, try "ulimit -c unlimited" before starting Java again
#
# If you would like to submit a bug report, please visit:
#   http://bugreport.java.com/bugreport/crash.jsp
# The crash happened outside the Java Virtual Machine in native code.
# See problematic frame for where to report the bug.
#

---------------  T H R E A D  ---------------

Current thread (0xb6507800):  JavaThread "main" [_thread_in_native, id=21016, stack(0xb66d2000,0xb6723000)]

siginfo: si_signo: 11 (SIGSEGV), si_code: 2 (SEGV_ACCERR), si_addr: 0x64fff004

Registers:
EAX=0x64fff004, EBX=0x64dfeff4, ECX=0x000000ff, EDX=0x00000001
ESP=0xb6721570, EBP=0x64ffeffc, ESI=0x64fe65c0, EDI=0x00000001
EIP=0x64dcaac2, EFLAGS=0x00210293, CR2=0x64fff004

Top of Stack: (sp=0xb6721570)
0xb6721570:   b67215a0 b6e4280f 6a45eeb0 00000008
0xb6721580:   b69ece9e 64e3ed18 b6507800 b672159c
0xb6721590:   b712c230 00000007 00000007 b672161c
0xb67215a0:   b6c54577 b6721608 b67215f8 b6507800
0xb67215b0:   b6507800 b6e538db 64e411e4 b6507800
0xb67215c0:   b67216b4 000000ff b6505e80 00000007
0xb67215d0:   b6505e80 00000006 6a45db68 b6507800
0xb67215e0:   64e3f778 b69ece9e 00000004 0000ac44 

Instructions: (pc=0x64dcaac2)
0x64dcaaa2:   8d b6 00 00 00 00 8b 55 00 81 fa 11 10 00 00 74
0x64dcaab2:   3b 81 fa 03 00 02 00 75 07 8b 50 fc 89 54 24 78
0x64dcaac2:   8b 10 89 c5 83 c0 08 85 d2 74 3a 81 fa 07 10 00
0x64dcaad2:   00 75 d3 8b 50 fc 89 54 24 7c 83 8e cc 00 00 00 

Register to memory mapping:

EAX=0x64fff004 is an unknown value
EBX=0x64dfeff4: <offset 0x4fff4> in /home/zgrogan/git/ShieldCommander/ShieldCommander/lib/native/linux/libopenal.so at 0x64daf000
ECX=0x000000ff is an unknown value
EDX=0x00000001 is an unknown value
ESP=0xb6721570 is pointing into the stack for thread: 0xb6507800
EBP=0x64ffeffc is an unknown value
ESI=0x64fe65c0 is an unknown value
EDI=0x00000001 is an unknown value


Stack: [0xb66d2000,0xb6723000],  sp=0xb6721570,  free space=317k
Native frames: (J=compiled Java code, j=interpreted, Vv=VM code, C=native code)
C  [libopenal.so+0x1bac2]  alcCreateContext+0xd2

Java frames: (J=compiled Java code, j=interpreted, Vv=VM code)
j  org.lwjgl.openal.ALC10.nalcCreateContext(JJ)J+0
j  org.lwjgl.openal.ALC10.alcCreateContext(Lorg/lwjgl/openal/ALCdevice;Ljava/nio/IntBuffer;)Lorg/lwjgl/openal/ALCcontext;+8
j  org.lwjgl.openal.AL.init(Ljava/lang/String;IIZZ)V+69
j  org.lwjgl.openal.AL.create(Ljava/lang/String;IIZZ)V+246
j  org.lwjgl.openal.AL.create(Ljava/lang/String;IIZ)V+5
j  org.lwjgl.openal.AL.create()V+6
j  org.newdawn.slick.openal.SoundStore$1.run()Ljava/lang/Object;+0
v  ~StubRoutines::call_stub
j  java.security.AccessController.doPrivileged(Ljava/security/PrivilegedAction;)Ljava/lang/Object;+0
j  org.newdawn.slick.openal.SoundStore.init()V+26
j  org.newdawn.slick.Sound.<init>(Ljava/lang/String;)V+7
j  shieldcommander.ShieldCommander.init(Lorg/newdawn/slick/GameContainer;Lorg/newdawn/slick/state/StateBasedGame;)V+23
j  org.newdawn.slick.state.StateBasedGame.init(Lorg/newdawn/slick/GameContainer;)V+45
j  org.newdawn.slick.AppGameContainer.setup()V+170
j  org.newdawn.slick.AppGameContainer.start()V+1
j  shieldcommander.ShieldCommanderGame.main([Ljava/lang/String;)V+45
v  ~StubRoutines::call_stub

---------------  P R O C E S S  ---------------

Java Threads: ( => current thread )
  0x64fcec00 JavaThread "Thread-1" daemon [_thread_blocked, id=21037, stack(0x65016000,0x65067000)]
  0x6725b000 JavaThread "process reaper" daemon [_thread_blocked, id=21034, stack(0xa7025000,0xa703e000)]
  0x67250c00 JavaThread "AWT-XAWT" daemon [_thread_in_native, id=21032, stack(0x66faf000,0x67000000)]
  0x6723cc00 JavaThread "Java2D Disposer" daemon [_thread_blocked, id=21031, stack(0x67147000,0x67198000)]
  0x6a437c00 JavaThread "Service Thread" daemon [_thread_blocked, id=21029, stack(0x6761f000,0x67670000)]
  0x6a434c00 JavaThread "C1 CompilerThread1" daemon [_thread_in_native, id=21028, stack(0x67670000,0x676f1000)]
  0x6a432c00 JavaThread "C2 CompilerThread0" daemon [_thread_blocked, id=21027, stack(0x676f1000,0x67772000)]
  0x6a431400 JavaThread "Signal Dispatcher" daemon [_thread_blocked, id=21026, stack(0x67772000,0x677c3000)]
  0x6a415400 JavaThread "Finalizer" daemon [_thread_blocked, id=21025, stack(0x679c3000,0x67a14000)]
  0x6a413800 JavaThread "Reference Handler" daemon [_thread_blocked, id=21024, stack(0x67a14000,0x67a65000)]
=>0xb6507800 JavaThread "main" [_thread_in_native, id=21016, stack(0xb66d2000,0xb6723000)]

Other Threads:
  0x6a410800 VMThread [stack: 0x67a65000,0x67ae6000] [id=21023]
  0x6a439800 WatcherThread [stack: 0x6759e000,0x6761f000] [id=21030]

VM state:not at safepoint (normal execution)

VM Mutex/Monitor currently owned by a thread: None

Heap:
 PSYoungGen      total 18432K, used 9851K [0x92e00000, 0x94280000, 0xa7000000)
  eden space 15872K, 62% used [0x92e00000,0x9379efd8,0x93d80000)
  from space 2560K, 0% used [0x94000000,0x94000000,0x94280000)
  to   space 2560K, 0% used [0x93d80000,0x93d80000,0x94000000)
 ParOldGen       total 42496K, used 0K [0x6aa00000, 0x6d380000, 0x92e00000)
  object space 42496K, 0% used [0x6aa00000,0x6aa00000,0x6d380000)
 Metaspace       used 5476K, capacity 5643K, committed 5784K, reserved 6448K

Card table byte_map: [0x6a81c000,0x6aa00000] byte_map_base: 0x6a4c7000

Marking Bits: (ParMarkBitMap*) 0xb71596e0
 Begin Bits: [0x684d0000, 0x693e8000)
 End Bits:   [0x693e8000, 0x6a300000)

Polling page: 0xb7764000

CodeCache: size=245760Kb used=1793Kb max_used=1793Kb free=243966Kb
 bounds [0xa7500000, 0xa7740000, 0xb6500000]
 total_blobs=876 nmethods=566 adapters=225
 compilation: enabled

Compilation events (10 events):
Event: 1.095 Thread 0x6a434c00  565       3       java.util.zip.ZipCoder::encoder (35 bytes)
Event: 1.095 Thread 0x6a434c00 nmethod 565 0xa76a09c8 code [0xa76a0b20, 0xa76a100c]
Event: 1.095 Thread 0x6a434c00  560   !   3       java.net.URLClassLoader::findClass (47 bytes)
Event: 1.096 Thread 0x6a434c00 nmethod 560 0xa76bf5c8 code [0xa76bf740, 0xa76bfbb8]
Event: 1.096 Thread 0x6a434c00  561       3       java.net.URLClassLoader$1::<init> (15 bytes)
Event: 1.096 Thread 0x6a434c00 nmethod 561 0xa76a06c8 code [0xa76a07e0, 0xa76a0920]
Event: 1.096 Thread 0x6a434c00  563       3       java.net.URLClassLoader$1::run (5 bytes)
Event: 1.096 Thread 0x6a434c00 nmethod 563 0xa76bfdc8 code [0xa76bfee0, 0xa76bffcc]
Event: 1.096 Thread 0x6a434c00  564   !   3       java.net.URLClassLoader$1::run (63 bytes)
Event: 1.097 Thread 0x6a434c00 nmethod 564 0xa76c0048 code [0xa76c01c0, 0xa76c05bc]

GC Heap History (0 events):
No events

Deoptimization events (3 events):
Event: 0.229 Thread 0xb6507800 Uncommon trap: reason=unstable_if action=reinterpret pc=0xa75d3f78 method=java.lang.String.indexOf(II)I @ 49
Event: 0.382 Thread 0xb6507800 Uncommon trap: reason=unstable_if action=reinterpret pc=0xa762f880 method=java.lang.String.replace(CC)Ljava/lang/String; @ 26
Event: 0.422 Thread 0xb6507800 Uncommon trap: reason=unstable_if action=reinterpret pc=0xa762cd24 method=java.lang.String.indexOf([CII[CIII)I @ 134

Internal exceptions (10 events):
Event: 1.069 Thread 0xb6507800 Exception <a 'java/security/PrivilegedActionException'> (0x9372f608) thrown at [/RE-WORK/workspace/8-2-build-linux-i586/jdk8u40/2855/hotspot/src/share/vm/prims/jvm.cpp, line 1382]
Event: 1.069 Thread 0xb6507800 Exception <a 'java/security/PrivilegedActionException'> (0x937300e8) thrown at [/RE-WORK/workspace/8-2-build-linux-i586/jdk8u40/2855/hotspot/src/share/vm/prims/jvm.cpp, line 1382]
Event: 1.070 Thread 0xb6507800 Exception <a 'java/security/PrivilegedActionException'> (0x93731ac0) thrown at [/RE-WORK/workspace/8-2-build-linux-i586/jdk8u40/2855/hotspot/src/share/vm/prims/jvm.cpp, line 1382]
Event: 1.070 Thread 0xb6507800 Exception <a 'java/security/PrivilegedActionException'> (0x937325e0) thrown at [/RE-WORK/workspace/8-2-build-linux-i586/jdk8u40/2855/hotspot/src/share/vm/prims/jvm.cpp, line 1382]
Event: 1.070 Thread 0xb6507800 Exception <a 'java/security/PrivilegedActionException'> (0x937330c0) thrown at [/RE-WORK/workspace/8-2-build-linux-i586/jdk8u40/2855/hotspot/src/share/vm/prims/jvm.cpp, line 1382]
Event: 1.070 Thread 0xb6507800 Exception <a 'org/lwjgl/LWJGLException': Could not load OpenAL library> (0x93734828) thrown at [/RE-WORK/workspace/8-2-build-linux-i586/jdk8u40/2855/hotspot/src/share/vm/prims/jni.cpp, line 735]
Event: 1.070 Thread 0xb6507800 Exception <a 'org/lwjgl/LWJGLException': Could not load OpenAL library> (0x93734f90) thrown at [/RE-WORK/workspace/8-2-build-linux-i586/jdk8u40/2855/hotspot/src/share/vm/prims/jni.cpp, line 735]
Event: 1.070 Thread 0xb6507800 Exception <a 'org/lwjgl/LWJGLException': Could not load OpenAL library> (0x937356b8) thrown at [/RE-WORK/workspace/8-2-build-linux-i586/jdk8u40/2855/hotspot/src/share/vm/prims/jni.cpp, line 735]
Event: 1.070 Thread 0xb6507800 Exception <a 'org/lwjgl/LWJGLException': Could not load OpenAL library> (0x93735da0) thrown at [/RE-WORK/workspace/8-2-build-linux-i586/jdk8u40/2855/hotspot/src/share/vm/prims/jni.cpp, line 735]
Event: 1.070 Thread 0xb6507800 Exception <a 'org/lwjgl/LWJGLException': Could not load OpenAL library> (0x93736338) thrown at [/RE-WORK/workspace/8-2-build-linux-i586/jdk8u40/2855/hotspot/src/share/vm/prims/jni.cpp, line 735]

Events (10 events):
Event: 1.071 loading class org/lwjgl/openal/AL10
Event: 1.071 loading class org/lwjgl/openal/AL10 done
Event: 1.073 loading class org/lwjgl/openal/ALC10
Event: 1.073 loading class org/lwjgl/openal/ALC10 done
Event: 1.269 loading class org/lwjgl/openal/ALCdevice
Event: 1.269 loading class org/lwjgl/openal/ALCdevice done
Event: 1.270 loading class org/lwjgl/openal/ALCcontext
Event: 1.270 loading class org/lwjgl/openal/ALCcontext done
Event: 1.271 loading class org/lwjgl/openal/Util
Event: 1.271 loading class org/lwjgl/openal/Util done


Dynamic libraries:
08048000-08049000 r-xp 00000000 08:01 13503932   /usr/lib/jvm/java-8-oracle/bin/java
08049000-0804a000 rw-p 00000000 08:01 13503932   /usr/lib/jvm/java-8-oracle/bin/java
09bbc000-09c9b000 rw-p 00000000 00:00 0          [heap]
5c0fe000-600ff000 rw-s 00000000 00:15 17008      /run/shm/pulse-shm-81838695
600ff000-64100000 rw-s 00000000 00:15 1965483    /run/shm/pulse-shm-257141290
64100000-64126000 rw-p 00000000 00:00 0 
64126000-64200000 ---p 00000000 00:00 0 
6422f000-64230000 ---p 00000000 00:00 0 
64230000-64a30000 rw-p 00000000 00:00 0          [stack:21039]
64a30000-64a59000 r-xp 00000000 08:01 11801169   /usr/lib/i386-linux-gnu/libvorbis.so.0.4.5
64a59000-64a5a000 r--p 00029000 08:01 11801169   /usr/lib/i386-linux-gnu/libvorbis.so.0.4.5
64a5a000-64a5b000 rw-p 0002a000 08:01 11801169   /usr/lib/i386-linux-gnu/libvorbis.so.0.4.5
64a5b000-64bc0000 r-xp 00000000 08:01 11801171   /usr/lib/i386-linux-gnu/libvorbisenc.so.2.0.8
64bc0000-64bd1000 r--p 00165000 08:01 11801171   /usr/lib/i386-linux-gnu/libvorbisenc.so.2.0.8
64bd1000-64bd2000 rw-p 00176000 08:01 11801171   /usr/lib/i386-linux-gnu/libvorbisenc.so.2.0.8
64bd2000-64c07000 r-xp 00000000 08:01 11799892   /usr/lib/i386-linux-gnu/libFLAC.so.8.3.0
64c07000-64c09000 r--p 00034000 08:01 11799892   /usr/lib/i386-linux-gnu/libFLAC.so.8.3.0
64c09000-64c0a000 rw-p 00036000 08:01 11799892   /usr/lib/i386-linux-gnu/libFLAC.so.8.3.0
64c0a000-64c75000 r-xp 00000000 08:01 11801075   /usr/lib/i386-linux-gnu/libsndfile.so.1.0.25
64c75000-64c76000 r--p 0006b000 08:01 11801075   /usr/lib/i386-linux-gnu/libsndfile.so.1.0.25
64c76000-64c77000 rw-p 0006c000 08:01 11801075   /usr/lib/i386-linux-gnu/libsndfile.so.1.0.25
64c77000-64c7b000 rw-p 00000000 00:00 0 
64c7b000-64cce000 r-xp 00000000 08:01 17957937   /lib/i386-linux-gnu/libdbus-1.so.3.8.7
64cce000-64cd0000 r--p 00053000 08:01 17957937   /lib/i386-linux-gnu/libdbus-1.so.3.8.7
64cd0000-64cd1000 rw-p 00055000 08:01 17957937   /lib/i386-linux-gnu/libdbus-1.so.3.8.7
64cd1000-64d53000 r-xp 00000000 08:01 11801901   /usr/lib/i386-linux-gnu/pulseaudio/libpulsecommon-5.99.so
64d53000-64d54000 r--p 00081000 08:01 11801901   /usr/lib/i386-linux-gnu/pulseaudio/libpulsecommon-5.99.so
64d54000-64d55000 rw-p 00082000 08:01 11801901   /usr/lib/i386-linux-gnu/pulseaudio/libpulsecommon-5.99.so
64d55000-64dac000 r-xp 00000000 08:01 11800991   /usr/lib/i386-linux-gnu/libpulse.so.0.18.0
64dac000-64dae000 r--p 00056000 08:01 11800991   /usr/lib/i386-linux-gnu/libpulse.so.0.18.0
64dae000-64daf000 rw-p 00058000 08:01 11800991   /usr/lib/i386-linux-gnu/libpulse.so.0.18.0
64daf000-64dfd000 r-xp 00000000 08:01 9709704    /home/zgrogan/git/ShieldCommander/ShieldCommander/lib/native/linux/libopenal.so
64dfd000-64dff000 r--p 0004d000 08:01 9709704    /home/zgrogan/git/ShieldCommander/ShieldCommander/lib/native/linux/libopenal.so
64dff000-64e00000 rw-p 0004f000 08:01 9709704    /home/zgrogan/git/ShieldCommander/ShieldCommander/lib/native/linux/libopenal.so
64e00000-64e60000 rw-p 00000000 00:00 0 
64e60000-64f00000 ---p 00000000 00:00 0 
64f00000-64fff000 rw-p 00000000 00:00 0 
64fff000-65000000 ---p 00000000 00:00 0 
65016000-65019000 ---p 00000000 00:00 0 
65019000-65300000 rw-p 00000000 00:00 0          [stack:21037]
65300000-653ff000 rw-p 00000000 00:00 0 
653ff000-65400000 ---p 00000000 00:00 0 
65405000-65418000 r-xp 00000000 08:01 17962507   /lib/i386-linux-gnu/libresolv-2.19.so
65418000-65419000 r--p 00013000 08:01 17962507   /lib/i386-linux-gnu/libresolv-2.19.so
65419000-6541a000 rw-p 00014000 08:01 17962507   /lib/i386-linux-gnu/libresolv-2.19.so
6541a000-6541c000 rw-p 00000000 00:00 0 
6541c000-65423000 r-xp 00000000 08:01 11800883   /usr/lib/i386-linux-gnu/libogg.so.0.8.2
65423000-65424000 r--p 00006000 08:01 11800883   /usr/lib/i386-linux-gnu/libogg.so.0.8.2
65424000-65425000 rw-p 00007000 08:01 11800883   /usr/lib/i386-linux-gnu/libogg.so.0.8.2
6543c000-65443000 r--s 00000000 08:01 11799183   /usr/lib/i386-linux-gnu/gconv/gconv-modules.cache
65443000-65483000 rw-s 00000000 00:04 1966344    /drm mm object (deleted)
65483000-663c9000 rw-p 00000000 00:00 0 
663c9000-663fe000 r-xp 00000000 08:01 11801145   /usr/lib/i386-linux-gnu/libtxc_dxtn_s2tc.so.0.0.0
663fe000-663ff000 r--p 00034000 08:01 11801145   /usr/lib/i386-linux-gnu/libtxc_dxtn_s2tc.so.0.0.0
663ff000-66400000 rw-p 00035000 08:01 11801145   /usr/lib/i386-linux-gnu/libtxc_dxtn_s2tc.so.0.0.0
66400000-664f7000 rw-p 00000000 00:00 0 
664f7000-66500000 ---p 00000000 00:00 0 
66504000-66509000 r-xp 00000000 08:01 11800284   /usr/lib/i386-linux-gnu/libasyncns.so.0.3.1
66509000-6650a000 r--p 00004000 08:01 11800284   /usr/lib/i386-linux-gnu/libasyncns.so.0.3.1
6650a000-6650b000 rw-p 00005000 08:01 11800284   /usr/lib/i386-linux-gnu/libasyncns.so.0.3.1
6650b000-66514000 r-xp 00000000 08:01 17957965   /lib/i386-linux-gnu/libjson-c.so.2.0.0
66514000-66515000 r--p 00008000 08:01 17957965   /lib/i386-linux-gnu/libjson-c.so.2.0.0
66515000-66516000 rw-p 00009000 08:01 17957965   /lib/i386-linux-gnu/libjson-c.so.2.0.0
66516000-6656d000 rw-p 00000000 00:00 0 
6656d000-66575000 r-xp 00000000 08:01 17958091   /lib/i386-linux-gnu/libwrap.so.0.7.6
66575000-66576000 r--p 00007000 08:01 17958091   /lib/i386-linux-gnu/libwrap.so.0.7.6
66576000-66577000 rw-p 00008000 08:01 17958091   /lib/i386-linux-gnu/libwrap.so.0.7.6
66577000-6658f000 r-xp 00000000 08:01 17958094   /lib/i386-linux-gnu/libz.so.1.2.8
6658f000-66590000 r--p 00017000 08:01 17958094   /lib/i386-linux-gnu/libz.so.1.2.8
66590000-66591000 rw-p 00018000 08:01 17958094   /lib/i386-linux-gnu/libz.so.1.2.8
66591000-6659a000 r-xp 00000000 08:01 11800921   /usr/lib/i386-linux-gnu/libpciaccess.so.0.11.1
6659a000-6659b000 r--p 00008000 08:01 11800921   /usr/lib/i386-linux-gnu/libpciaccess.so.0.11.1
6659b000-6659c000 rw-p 00009000 08:01 11800921   /usr/lib/i386-linux-gnu/libpciaccess.so.0.11.1
6659c000-66685000 r-xp 00000000 08:01 11801099   /usr/lib/i386-linux-gnu/libstdc++.so.6.0.20
66685000-66689000 r--p 000e9000 08:01 11801099   /usr/lib/i386-linux-gnu/libstdc++.so.6.0.20
66689000-6668a000 rw-p 000ed000 08:01 11801099   /usr/lib/i386-linux-gnu/libstdc++.so.6.0.20
6668a000-66691000 rw-p 00000000 00:00 0 
66691000-6669e000 r-xp 00000000 08:01 11800439   /usr/lib/i386-linux-gnu/libdrm_radeon.so.1.0.1
6669e000-6669f000 r--p 0000c000 08:01 11800439   /usr/lib/i386-linux-gnu/libdrm_radeon.so.1.0.1
6669f000-666a0000 rw-p 0000d000 08:01 11800439   /usr/lib/i386-linux-gnu/libdrm_radeon.so.1.0.1
666a0000-666a6000 r-xp 00000000 08:01 11800437   /usr/lib/i386-linux-gnu/libdrm_nouveau.so.2.0.0
666a6000-666a7000 r--p 00005000 08:01 11800437   /usr/lib/i386-linux-gnu/libdrm_nouveau.so.2.0.0
666a7000-666a8000 rw-p 00006000 08:01 11800437   /usr/lib/i386-linux-gnu/libdrm_nouveau.so.2.0.0
666a8000-666ca000 r-xp 00000000 08:01 11800435   /usr/lib/i386-linux-gnu/libdrm_intel.so.1.0.0
666ca000-666cb000 r--p 00021000 08:01 11800435   /usr/lib/i386-linux-gnu/libdrm_intel.so.1.0.0
666cb000-666cc000 rw-p 00022000 08:01 11800435   /usr/lib/i386-linux-gnu/libdrm_intel.so.1.0.0
666cc000-66c74000 r-xp 00000000 08:01 11801345   /usr/lib/i386-linux-gnu/dri/i965_dri.so
66c74000-66c84000 r--p 005a7000 08:01 11801345   /usr/lib/i386-linux-gnu/dri/i965_dri.so
66c84000-66c88000 rw-p 005b7000 08:01 11801345   /usr/lib/i386-linux-gnu/dri/i965_dri.so
66c88000-66c90000 rw-p 00000000 00:00 0 
66c90000-66cff000 r-xp 00000000 08:01 17958032   /lib/i386-linux-gnu/libpcre.so.3.13.1
66cff000-66d00000 r--p 0006e000 08:01 17958032   /lib/i386-linux-gnu/libpcre.so.3.13.1
66d00000-66d01000 rw-p 0006f000 08:01 17958032   /lib/i386-linux-gnu/libpcre.so.3.13.1
66d01000-66d25000 r-xp 00000000 08:01 17958059   /lib/i386-linux-gnu/libselinux.so.1
66d25000-66d26000 r--p 00023000 08:01 17958059   /lib/i386-linux-gnu/libselinux.so.1
66d26000-66d27000 rw-p 00024000 08:01 17958059   /lib/i386-linux-gnu/libselinux.so.1
66d27000-66d28000 rw-p 00000000 00:00 0 
66d28000-66d3b000 r-xp 00000000 08:01 17958079   /lib/i386-linux-gnu/libudev.so.1.4.0
66d3b000-66d3c000 r--p 00012000 08:01 17958079   /lib/i386-linux-gnu/libudev.so.1.4.0
66d3c000-66d3d000 rw-p 00013000 08:01 17958079   /lib/i386-linux-gnu/libudev.so.1.4.0
66d3d000-66d40000 r-xp 00000000 08:01 9709706    /home/zgrogan/git/ShieldCommander/ShieldCommander/lib/native/linux/libjinput-linux.so
66d40000-66d41000 r--p 00002000 08:01 9709706    /home/zgrogan/git/ShieldCommander/ShieldCommander/lib/native/linux/libjinput-linux.so
66d41000-66d42000 rw-p 00003000 08:01 9709706    /home/zgrogan/git/ShieldCommander/ShieldCommander/lib/native/linux/libjinput-linux.so
66d42000-66d4a000 rw-s 00000000 00:04 1966343    /drm mm object (deleted)
66d4a000-66d4b000 rwxp 00000000 00:00 0 
66d4b000-66d53000 rw-s 00000000 00:04 1966336    /drm mm object (deleted)
66d53000-66d5b000 rw-s 00000000 00:04 1966332    /drm mm object (deleted)
66d5b000-66d66000 r--s 00116000 08:01 12065837   /usr/lib/jvm/java-8-oracle/jre/lib/ext/localedata.jar
66d66000-66e66000 rw-p 00000000 00:00 0 
66e66000-66e72000 r-xp 00000000 08:01 11800433   /usr/lib/i386-linux-gnu/libdrm.so.2.4.0
66e72000-66e73000 r--p 0000b000 08:01 11800433   /usr/lib/i386-linux-gnu/libdrm.so.2.4.0
66e73000-66e74000 rw-p 0000c000 08:01 11800433   /usr/lib/i386-linux-gnu/libdrm.so.2.4.0
66e74000-66e75000 r-xp 00000000 08:01 11801258   /usr/lib/i386-linux-gnu/libxshmfence.so.1.0.0
66e75000-66e76000 r--p 00000000 08:01 11801258   /usr/lib/i386-linux-gnu/libxshmfence.so.1.0.0
66e76000-66e77000 rw-p 00001000 08:01 11801258   /usr/lib/i386-linux-gnu/libxshmfence.so.1.0.0
66e77000-66e7c000 r-xp 00000000 08:01 11801237   /usr/lib/i386-linux-gnu/libxcb-sync.so.1.0.0
66e7c000-66e7d000 r--p 00004000 08:01 11801237   /usr/lib/i386-linux-gnu/libxcb-sync.so.1.0.0
66e7d000-66e7e000 rw-p 00005000 08:01 11801237   /usr/lib/i386-linux-gnu/libxcb-sync.so.1.0.0
66e7e000-66e80000 r-xp 00000000 08:01 11801223   /usr/lib/i386-linux-gnu/libxcb-present.so.0.0.0
66e80000-66e81000 r--p 00001000 08:01 11801223   /usr/lib/i386-linux-gnu/libxcb-present.so.0.0.0
66e81000-66e82000 rw-p 00002000 08:01 11801223   /usr/lib/i386-linux-gnu/libxcb-present.so.0.0.0
66e82000-66e84000 r-xp 00000000 08:01 11801213   /usr/lib/i386-linux-gnu/libxcb-dri3.so.0.0.0
66e84000-66e85000 r--p 00001000 08:01 11801213   /usr/lib/i386-linux-gnu/libxcb-dri3.so.0.0.0
66e85000-66e86000 rw-p 00002000 08:01 11801213   /usr/lib/i386-linux-gnu/libxcb-dri3.so.0.0.0
66e86000-66e8a000 r-xp 00000000 08:01 11801211   /usr/lib/i386-linux-gnu/libxcb-dri2.so.0.0.0
66e8a000-66e8b000 r--p 00003000 08:01 11801211   /usr/lib/i386-linux-gnu/libxcb-dri2.so.0.0.0
66e8b000-66e8c000 rw-p 00004000 08:01 11801211   /usr/lib/i386-linux-gnu/libxcb-dri2.so.0.0.0
66e8c000-66ea2000 r-xp 00000000 08:01 11801215   /usr/lib/i386-linux-gnu/libxcb-glx.so.0.0.0
66ea2000-66ea3000 r--p 00016000 08:01 11801215   /usr/lib/i386-linux-gnu/libxcb-glx.so.0.0.0
66ea3000-66ea4000 rw-p 00017000 08:01 11801215   /usr/lib/i386-linux-gnu/libxcb-glx.so.0.0.0
66ea4000-66f47000 r-xp 00000000 08:01 11801882   /usr/lib/i386-linux-gnu/mesa/libGL.so.1.2.0
66f47000-66f49000 r--p 000a2000 08:01 11801882   /usr/lib/i386-linux-gnu/mesa/libGL.so.1.2.0
66f49000-66f4e000 rwxp 000a4000 08:01 11801882   /usr/lib/i386-linux-gnu/mesa/libGL.so.1.2.0
66f4e000-66fad000 r-xp 00000000 08:01 9709714    /home/zgrogan/git/ShieldCommander/ShieldCommander/lib/native/linux/liblwjgl.so
66fad000-66fae000 r--p 0005f000 08:01 9709714    /home/zgrogan/git/ShieldCommander/ShieldCommander/lib/native/linux/liblwjgl.so
66fae000-66faf000 rw-p 00060000 08:01 9709714    /home/zgrogan/git/ShieldCommander/ShieldCommander/lib/native/linux/liblwjgl.so
66faf000-66fb2000 ---p 00000000 00:00 0 
66fb2000-67000000 rw-p 00000000 00:00 0          [stack:21032]
67000000-67052000 rw-p 00000000 00:00 0 
67052000-67100000 ---p 00000000 00:00 0 
67100000-67126000 r-xp 00000000 08:01 17957945   /lib/i386-linux-gnu/libexpat.so.1.6.0
67126000-67128000 r--p 00026000 08:01 17957945   /lib/i386-linux-gnu/libexpat.so.1.6.0
67128000-67129000 rw-p 00028000 08:01 17957945   /lib/i386-linux-gnu/libexpat.so.1.6.0
67129000-67145000 r--s 00393000 08:01 12068311   /usr/lib/jvm/java-8-oracle/jre/lib/ext/cldrdata.jar
67145000-67147000 r--s 0000d000 08:01 11011084   /home/zgrogan/git/ShieldCommander/ShieldCommander/lib/jar/jorbis-0.0.15.jar
67147000-6714a000 ---p 00000000 00:00 0 
6714a000-67198000 rw-p 00000000 00:00 0          [stack:21031]
67198000-671f9000 r-xp 00000000 08:01 12068352   /usr/lib/jvm/java-8-oracle/jre/lib/i386/libfontmanager.so
671f9000-671fc000 rw-p 00060000 08:01 12068352   /usr/lib/jvm/java-8-oracle/jre/lib/i386/libfontmanager.so
671fc000-67200000 rw-p 00000000 00:00 0 
67200000-67300000 rw-p 00000000 00:00 0 
67300000-67311000 r-xp 00000000 08:01 11800529   /usr/lib/i386-linux-gnu/libglapi.so.0.0.0
67311000-67313000 r--p 00011000 08:01 11800529   /usr/lib/i386-linux-gnu/libglapi.so.0.0.0
67313000-67318000 rwxp 00013000 08:01 11800529   /usr/lib/i386-linux-gnu/libglapi.so.0.0.0
67318000-67319000 rwxp 00000000 00:00 0 
67319000-6731d000 r-xp 00000000 08:01 11800251   /usr/lib/i386-linux-gnu/libXxf86vm.so.1.0.0
6731d000-6731e000 r--p 00004000 08:01 11800251   /usr/lib/i386-linux-gnu/libXxf86vm.so.1.0.0
6731e000-6731f000 rw-p 00005000 08:01 11800251   /usr/lib/i386-linux-gnu/libXxf86vm.so.1.0.0
6731f000-67328000 r-xp 00000000 08:01 11800233   /usr/lib/i386-linux-gnu/libXrandr.so.2.2.0
67328000-67329000 r--p 00008000 08:01 11800233   /usr/lib/i386-linux-gnu/libXrandr.so.2.2.0
67329000-6732a000 rw-p 00009000 08:01 11800233   /usr/lib/i386-linux-gnu/libXrandr.so.2.2.0
6732a000-67333000 r-xp 00000000 08:01 11800207   /usr/lib/i386-linux-gnu/libXcursor.so.1.0.2
67333000-67334000 r--p 00008000 08:01 11800207   /usr/lib/i386-linux-gnu/libXcursor.so.1.0.2
67334000-67335000 rw-p 00009000 08:01 11800207   /usr/lib/i386-linux-gnu/libXcursor.so.1.0.2
67335000-67351000 r-xp 00000000 08:01 17957950   /lib/i386-linux-gnu/libgcc_s.so.1
67351000-67352000 r--p 0001b000 08:01 17957950   /lib/i386-linux-gnu/libgcc_s.so.1
67352000-67353000 rw-p 0001c000 08:01 17957950   /lib/i386-linux-gnu/libgcc_s.so.1
67353000-6749a000 r-xp 00000000 08:01 11800198   /usr/lib/i386-linux-gnu/libX11.so.6.3.0
6749a000-6749b000 r--p 00146000 08:01 11800198   /usr/lib/i386-linux-gnu/libX11.so.6.3.0
6749b000-6749d000 rw-p 00147000 08:01 11800198   /usr/lib/i386-linux-gnu/libX11.so.6.3.0
6749d000-6749e000 rw-p 00000000 00:00 0 
6749e000-674ea000 r-xp 00000000 08:01 12068327   /usr/lib/jvm/java-8-oracle/jre/lib/i386/libawt_xawt.so
674ea000-674ec000 rw-p 0004c000 08:01 12068327   /usr/lib/jvm/java-8-oracle/jre/lib/i386/libawt_xawt.so
674ec000-674ed000 rw-p 00000000 00:00 0 
674ed000-67573000 r-xp 00000000 08:01 12068360   /usr/lib/jvm/java-8-oracle/jre/lib/i386/libawt.so
67573000-6757a000 rw-p 00086000 08:01 12068360   /usr/lib/jvm/java-8-oracle/jre/lib/i386/libawt.so
6757a000-6759e000 rw-p 00000000 00:00 0 
6759e000-6759f000 ---p 00000000 00:00 0 
6759f000-6761f000 rw-p 00000000 00:00 0          [stack:21030]
6761f000-67622000 ---p 00000000 00:00 0 
67622000-67670000 rw-p 00000000 00:00 0          [stack:21029]
67670000-67673000 ---p 00000000 00:00 0 
67673000-676f1000 rw-p 00000000 00:00 0          [stack:21028]
676f1000-676f4000 ---p 00000000 00:00 0 
676f4000-67772000 rw-p 00000000 00:00 0          [stack:21027]
67772000-67775000 ---p 00000000 00:00 0 
67775000-677c3000 rw-p 00000000 00:00 0          [stack:21026]
677c3000-679c3000 r--p 00000000 08:01 11802772   /usr/lib/locale/locale-archive
679c3000-679c6000 ---p 00000000 00:00 0 
679c6000-67a14000 rw-p 00000000 00:00 0          [stack:21025]
67a14000-67a17000 ---p 00000000 00:00 0 
67a17000-67a65000 rw-p 00000000 00:00 0          [stack:21024]
67a65000-67a66000 ---p 00000000 00:00 0 
67a66000-67ae6000 rw-p 00000000 00:00 0          [stack:21023]
67ae6000-67cbe000 r--s 03d09000 08:01 11929025   /usr/lib/jvm/java-8-oracle/jre/lib/rt.jar
67cbe000-68104000 rw-p 00000000 00:00 0 
68104000-6810a000 ---p 00000000 00:00 0 
6810a000-6a300000 rw-p 00000000 00:00 0 
6a300000-6a400000 rw-p 00000000 00:00 0 
6a400000-6a500000 rw-p 00000000 00:00 0 
6a500000-6a521000 rw-p 00000000 00:00 0 
6a521000-6a600000 ---p 00000000 00:00 0 
6a600000-6a605000 r-xp 00000000 08:01 11800215   /usr/lib/i386-linux-gnu/libXfixes.so.3.1.0
6a605000-6a606000 r--p 00004000 08:01 11800215   /usr/lib/i386-linux-gnu/libXfixes.so.3.1.0
6a606000-6a607000 rw-p 00005000 08:01 11800215   /usr/lib/i386-linux-gnu/libXfixes.so.3.1.0
6a607000-6a60c000 r-xp 00000000 08:01 11800211   /usr/lib/i386-linux-gnu/libXdmcp.so.6.0.0
6a60c000-6a60d000 r--p 00004000 08:01 11800211   /usr/lib/i386-linux-gnu/libXdmcp.so.6.0.0
6a60d000-6a60e000 rw-p 00005000 08:01 11800211   /usr/lib/i386-linux-gnu/libXdmcp.so.6.0.0
6a60e000-6a62e000 r-xp 00000000 08:01 11801247   /usr/lib/i386-linux-gnu/libxcb.so.1.1.0
6a62e000-6a62f000 r--p 0001f000 08:01 11801247   /usr/lib/i386-linux-gnu/libxcb.so.1.1.0
6a62f000-6a630000 rw-p 00020000 08:01 11801247   /usr/lib/i386-linux-gnu/libxcb.so.1.1.0
6a630000-6a6ef000 rw-p 00000000 00:00 0 
6a6ef000-6a81c000 ---p 00000000 00:00 0 
6a81c000-6a831000 rw-p 00000000 00:00 0 
6a831000-6a95e000 ---p 00000000 00:00 0 
6a95e000-6a969000 rw-p 00000000 00:00 0 
6a969000-6a9ff000 ---p 00000000 00:00 0 
6a9ff000-6d380000 rw-p 00000000 00:00 0 
6d380000-92e00000 ---p 00000000 00:00 0 
92e00000-94280000 rw-p 00000000 00:00 0 
94280000-a7000000 ---p 00000000 00:00 0 
a7000000-a7001000 r-xp 00000000 08:01 11800196   /usr/lib/i386-linux-gnu/libX11-xcb.so.1.0.0
a7001000-a7002000 r--p 00000000 08:01 11800196   /usr/lib/i386-linux-gnu/libX11-xcb.so.1.0.0
a7002000-a7003000 rw-p 00001000 08:01 11800196   /usr/lib/i386-linux-gnu/libX11-xcb.so.1.0.0
a7003000-a7005000 r-xp 00000000 08:01 11800200   /usr/lib/i386-linux-gnu/libXau.so.6.0.0
a7005000-a7006000 r--p 00001000 08:01 11800200   /usr/lib/i386-linux-gnu/libXau.so.6.0.0
a7006000-a7007000 rw-p 00002000 08:01 11800200   /usr/lib/i386-linux-gnu/libXau.so.6.0.0
a7007000-a7017000 r-xp 00000000 08:01 11800221   /usr/lib/i386-linux-gnu/libXi.so.6.1.0
a7017000-a7018000 r--p 00010000 08:01 11800221   /usr/lib/i386-linux-gnu/libXi.so.6.1.0
a7018000-a7019000 rw-p 00011000 08:01 11800221   /usr/lib/i386-linux-gnu/libXi.so.6.1.0
a7019000-a701e000 r-xp 00000000 08:01 11800241   /usr/lib/i386-linux-gnu/libXtst.so.6.1.0
a701e000-a701f000 r--p 00004000 08:01 11800241   /usr/lib/i386-linux-gnu/libXtst.so.6.1.0
a701f000-a7020000 rw-p 00005000 08:01 11800241   /usr/lib/i386-linux-gnu/libXtst.so.6.1.0
a7020000-a7021000 rw-s 00000000 00:04 1966333    /drm mm object (deleted)
a7021000-a7023000 r-xp 00000000 08:01 11800209   /usr/lib/i386-linux-gnu/libXdamage.so.1.1.0
a7023000-a7024000 r--p 00001000 08:01 11800209   /usr/lib/i386-linux-gnu/libXdamage.so.1.1.0
a7024000-a7025000 rw-p 00002000 08:01 11800209   /usr/lib/i386-linux-gnu/libXdamage.so.1.1.0
a7025000-a7028000 ---p 00000000 00:00 0 
a7028000-a703e000 rw-p 00000000 00:00 0          [stack:21034]
a703e000-a703f000 ---p 00000000 00:00 0 
a703f000-a70bf000 rw-p 00000000 00:00 0          [stack:21022]
a70bf000-a70c0000 ---p 00000000 00:00 0 
a70c0000-a7149000 rw-p 00000000 00:00 0          [stack:21021]
a7149000-a7500000 ---p 00000000 00:00 0 
a7500000-a7740000 rwxp 00000000 00:00 0 
a7740000-b6500000 ---p 00000000 00:00 0 
b6500000-b65f9000 rw-p 00000000 00:00 0 
b65f9000-b6600000 ---p 00000000 00:00 0 
b6600000-b6601000 r-xp 00000000 08:01 12068346   /usr/lib/jvm/java-8-oracle/jre/lib/i386/libjawt.so
b6601000-b6602000 rw-p 00000000 08:01 12068346   /usr/lib/jvm/java-8-oracle/jre/lib/i386/libjawt.so
b6602000-b6613000 r-xp 00000000 08:01 11800213   /usr/lib/i386-linux-gnu/libXext.so.6.4.0
b6613000-b6614000 r--p 00010000 08:01 11800213   /usr/lib/i386-linux-gnu/libXext.so.6.4.0
b6614000-b6615000 rw-p 00011000 08:01 11800213   /usr/lib/i386-linux-gnu/libXext.so.6.4.0
b6615000-b6623000 r--s 000f2000 08:01 11011073   /home/zgrogan/git/ShieldCommander/ShieldCommander/lib/jar/lwjgl.jar
b6623000-b663a000 rw-p 00000000 00:00 0 
b663a000-b6653000 r-xp 00000000 08:01 12068367   /usr/lib/jvm/java-8-oracle/jre/lib/i386/libzip.so
b6653000-b6654000 rw-p 00018000 08:01 12068367   /usr/lib/jvm/java-8-oracle/jre/lib/i386/libzip.so
b6654000-b665f000 r-xp 00000000 08:01 17962501   /lib/i386-linux-gnu/libnss_files-2.19.so
b665f000-b6660000 r--p 0000a000 08:01 17962501   /lib/i386-linux-gnu/libnss_files-2.19.so
b6660000-b6661000 rw-p 0000b000 08:01 17962501   /lib/i386-linux-gnu/libnss_files-2.19.so
b6661000-b666b000 r-xp 00000000 08:01 17962498   /lib/i386-linux-gnu/libnss_nis-2.19.so
b666b000-b666c000 r--p 00009000 08:01 17962498   /lib/i386-linux-gnu/libnss_nis-2.19.so
b666c000-b666d000 rw-p 0000a000 08:01 17962498   /lib/i386-linux-gnu/libnss_nis-2.19.so
b666d000-b6682000 r-xp 00000000 08:01 17962505   /lib/i386-linux-gnu/libnsl-2.19.so
b6682000-b6683000 r--p 00015000 08:01 17962505   /lib/i386-linux-gnu/libnsl-2.19.so
b6683000-b6684000 rw-p 00016000 08:01 17962505   /lib/i386-linux-gnu/libnsl-2.19.so
b6684000-b6686000 rw-p 00000000 00:00 0 
b6686000-b668f000 r-xp 00000000 08:01 11800235   /usr/lib/i386-linux-gnu/libXrender.so.1.3.0
b668f000-b6690000 r--p 00008000 08:01 11800235   /usr/lib/i386-linux-gnu/libXrender.so.1.3.0
b6690000-b6691000 rw-p 00009000 08:01 11800235   /usr/lib/i386-linux-gnu/libXrender.so.1.3.0
b6691000-b669c000 r--s 00099000 08:01 11011075   /home/zgrogan/git/ShieldCommander/ShieldCommander/lib/jar/slick.jar
b669c000-b66a4000 rw-s 00000000 08:01 19267950   /tmp/hsperfdata_zgrogan/21003
b66a4000-b66c8000 r-xp 00000000 08:01 12068348   /usr/lib/jvm/java-8-oracle/jre/lib/i386/libjava.so
b66c8000-b66c9000 rw-p 00023000 08:01 12068348   /usr/lib/jvm/java-8-oracle/jre/lib/i386/libjava.so
b66c9000-b66d0000 r-xp 00000000 08:01 17962500   /lib/i386-linux-gnu/librt-2.19.so
b66d0000-b66d1000 r--p 00006000 08:01 17962500   /lib/i386-linux-gnu/librt-2.19.so
b66d1000-b66d2000 rw-p 00007000 08:01 17962500   /lib/i386-linux-gnu/librt-2.19.so
b66d2000-b66d5000 ---p 00000000 00:00 0 
b66d5000-b6723000 rw-p 00000000 00:00 0          [stack:21016]
b6723000-b6767000 r-xp 00000000 08:01 17962506   /lib/i386-linux-gnu/libm-2.19.so
b6767000-b6768000 r--p 00043000 08:01 17962506   /lib/i386-linux-gnu/libm-2.19.so
b6768000-b6769000 rw-p 00044000 08:01 17962506   /lib/i386-linux-gnu/libm-2.19.so
b6769000-b70dc000 r-xp 00000000 08:01 12195305   /usr/lib/jvm/java-8-oracle/jre/lib/i386/server/libjvm.so
b70dc000-b7148000 rw-p 00973000 08:01 12195305   /usr/lib/jvm/java-8-oracle/jre/lib/i386/server/libjvm.so
b7148000-b756e000 rw-p 00000000 00:00 0 
b756e000-b7715000 r-xp 00000000 08:01 17962512   /lib/i386-linux-gnu/libc-2.19.so
b7715000-b7717000 r--p 001a7000 08:01 17962512   /lib/i386-linux-gnu/libc-2.19.so
b7717000-b7718000 rw-p 001a9000 08:01 17962512   /lib/i386-linux-gnu/libc-2.19.so
b7718000-b771b000 rw-p 00000000 00:00 0 
b771b000-b771e000 r-xp 00000000 08:01 17962518   /lib/i386-linux-gnu/libdl-2.19.so
b771e000-b771f000 r--p 00002000 08:01 17962518   /lib/i386-linux-gnu/libdl-2.19.so
b771f000-b7720000 rw-p 00003000 08:01 17962518   /lib/i386-linux-gnu/libdl-2.19.so
b7720000-b7734000 r-xp 00000000 08:01 13767405   /usr/lib/jvm/java-8-oracle/lib/i386/jli/libjli.so
b7734000-b7735000 rw-p 00014000 08:01 13767405   /usr/lib/jvm/java-8-oracle/lib/i386/jli/libjli.so
b7735000-b774d000 r-xp 00000000 08:01 17962509   /lib/i386-linux-gnu/libpthread-2.19.so
b774d000-b774f000 r--p 00017000 08:01 17962509   /lib/i386-linux-gnu/libpthread-2.19.so
b774f000-b7750000 rw-p 00019000 08:01 17962509   /lib/i386-linux-gnu/libpthread-2.19.so
b7750000-b7753000 rw-p 00000000 00:00 0 
b7753000-b7754000 r--s 00001000 08:01 11011081   /home/zgrogan/git/ShieldCommander/ShieldCommander/lib/jar/jogg-0.0.7.jar
b7754000-b7759000 r--s 00030000 08:01 11011077   /home/zgrogan/git/ShieldCommander/ShieldCommander/lib/jar/jinput.jar
b7759000-b775a000 r--p 002c5000 08:01 11802772   /usr/lib/locale/locale-archive
b775a000-b7761000 r-xp 00000000 08:01 17962513   /lib/i386-linux-gnu/libnss_compat-2.19.so
b7761000-b7762000 r--p 00006000 08:01 17962513   /lib/i386-linux-gnu/libnss_compat-2.19.so
b7762000-b7763000 rw-p 00007000 08:01 17962513   /lib/i386-linux-gnu/libnss_compat-2.19.so
b7763000-b7764000 rw-p 00000000 00:00 0 
b7764000-b7765000 r--p 00000000 00:00 0 
b7765000-b7770000 r-xp 00000000 08:01 12068335   /usr/lib/jvm/java-8-oracle/jre/lib/i386/libverify.so
b7770000-b7771000 rw-p 0000b000 08:01 12068335   /usr/lib/jvm/java-8-oracle/jre/lib/i386/libverify.so
b7771000-b7773000 rw-p 00000000 00:00 0 
b7773000-b7774000 r-xp 00000000 00:00 0          [vdso]
b7774000-b7776000 r--p 00000000 00:00 0          [vvar]
b7776000-b7796000 r-xp 00000000 08:01 17962504   /lib/i386-linux-gnu/ld-2.19.so
b7796000-b7797000 r--p 0001f000 08:01 17962504   /lib/i386-linux-gnu/ld-2.19.so
b7797000-b7798000 rw-p 00020000 08:01 17962504   /lib/i386-linux-gnu/ld-2.19.so
bfcca000-bfccb000 rwxp 00000000 00:00 0 
bfcfd000-bfd1e000 rw-p 00000000 00:00 0          [stack]

VM Arguments:
jvm_args: -Djava.library.path=/home/zgrogan/git/ShieldCommander/ShieldCommander/lib/native/linux:/home/zgrogan/git/ShieldCommander/ShieldCommander/lib/native/linux:/home/zgrogan/git/ShieldCommander/ShieldCommander/lib/native/linux -Dfile.encoding=UTF-8 
java_command: shieldcommander.ShieldCommanderGame
java_class_path (initial): /home/zgrogan/git/ShieldCommander/ShieldCommander/bin:/home/zgrogan/git/ShieldCommander/ShieldCommander/lib/jar/slick.jar:/home/zgrogan/git/ShieldCommander/ShieldCommander/lib/jar/jinput.jar:/home/zgrogan/git/ShieldCommander/ShieldCommander/lib/jar/lwjgl.jar:/home/zgrogan/git/ShieldCommander/ShieldCommander/lib/jar/jogg-0.0.7.jar:/home/zgrogan/git/ShieldCommander/ShieldCommander/lib/jar/jorbis-0.0.15.jar
Launcher Type: SUN_STANDARD

Environment Variables:
JAVA_HOME=/usr/lib/jvm/java-8-oracle
PATH=/usr/local/sbin:/usr/local/bin:/usr/sbin:/usr/bin:/sbin:/bin:/usr/games:/usr/local/games:/usr/lib/jvm/java-8-oracle/bin:/usr/lib/jvm/java-8-oracle/db/bin:/usr/lib/jvm/java-8-oracle/jre/bin:/home/zgrogan/.rvm/bin
LD_LIBRARY_PATH=/usr/lib/jvm/java-8-oracle/jre/lib/i386/server:/usr/lib/jvm/java-8-oracle/jre/lib/i386:/usr/lib/jvm/java-8-oracle/jre/../lib/i386:/usr/lib/jvm/java-8-oracle/jre/lib/i386/client:/usr/lib/jvm/java-8-oracle/jre/lib/i386:
SHELL=/bin/bash
DISPLAY=:0

Signal Handlers:
SIGSEGV: [libjvm.so+0x8c2ab0], sa_mask[0]=11111111011111111101111111111110, sa_flags=SA_RESTART|SA_SIGINFO
SIGBUS: [libjvm.so+0x8c2ab0], sa_mask[0]=11111111011111111101111111111110, sa_flags=SA_RESTART|SA_SIGINFO
SIGFPE: [libjvm.so+0x7433e0], sa_mask[0]=11111111011111111101111111111110, sa_flags=SA_RESTART|SA_SIGINFO
SIGPIPE: [libjvm.so+0x7433e0], sa_mask[0]=11111111011111111101111111111110, sa_flags=SA_RESTART|SA_SIGINFO
SIGXFSZ: [libjvm.so+0x7433e0], sa_mask[0]=11111111011111111101111111111110, sa_flags=SA_RESTART|SA_SIGINFO
SIGILL: [libjvm.so+0x7433e0], sa_mask[0]=11111111011111111101111111111110, sa_flags=SA_RESTART|SA_SIGINFO
SIGUSR1: SIG_DFL, sa_mask[0]=00000000000000000000000000000000, sa_flags=none
SIGUSR2: [libjvm.so+0x744970], sa_mask[0]=00100000000000000000000000000000, sa_flags=SA_RESTART|SA_SIGINFO
SIGHUP: [libjvm.so+0x745e20], sa_mask[0]=11111111011111111101111111111110, sa_flags=SA_RESTART|SA_SIGINFO
SIGINT: [libjvm.so+0x745e20], sa_mask[0]=11111111011111111101111111111110, sa_flags=SA_RESTART|SA_SIGINFO
SIGTERM: [libjvm.so+0x745e20], sa_mask[0]=11111111011111111101111111111110, sa_flags=SA_RESTART|SA_SIGINFO
SIGQUIT: [libjvm.so+0x745e20], sa_mask[0]=11111111011111111101111111111110, sa_flags=SA_RESTART|SA_SIGINFO


---------------  S Y S T E M  ---------------

OS:DISTRIB_ID=Ubuntu
DISTRIB_RELEASE=14.10
DISTRIB_CODENAME=utopic
DISTRIB_DESCRIPTION="Ubuntu 14.10"

uname:Linux 3.16.0-31-generic #43-Ubuntu SMP Tue Mar 10 17:41:23 UTC 2015 i686
libc:glibc 2.19 NPTL 2.19 
rlimit: STACK 8192k, CORE 0k, NPROC 30674, NOFILE 4096, AS infinity
load average:0.44 0.56 0.44

/proc/meminfo:
MemTotal:        3955924 kB
MemFree:          465388 kB
MemAvailable:    1757936 kB
Buffers:          219636 kB
Cached:          1488064 kB
SwapCached:            0 kB
Active:          2434024 kB
Inactive:         868964 kB
Active(anon):    1623212 kB
Inactive(anon):   250700 kB
Active(file):     810812 kB
Inactive(file):   618264 kB
Unevictable:          64 kB
Mlocked:              64 kB
HighTotal:       3099400 kB
HighFree:         315936 kB
LowTotal:         856524 kB
LowFree:          149452 kB
SwapTotal:             0 kB
SwapFree:              0 kB
Dirty:                68 kB
Writeback:             0 kB
AnonPages:       1595568 kB
Mapped:           573292 kB
Shmem:            278624 kB
Slab:             123336 kB
SReclaimable:      96048 kB
SUnreclaim:        27288 kB
KernelStack:        5976 kB
PageTables:        21844 kB
NFS_Unstable:          0 kB
Bounce:                0 kB
WritebackTmp:          0 kB
CommitLimit:     1977960 kB
Committed_AS:    6774716 kB
VmallocTotal:     122880 kB
VmallocUsed:       23704 kB
VmallocChunk:      40088 kB
AnonHugePages:    608256 kB
HugePages_Total:       0
HugePages_Free:        0
HugePages_Rsvd:        0
HugePages_Surp:        0
Hugepagesize:       2048 kB
DirectMap4k:       12280 kB
DirectMap2M:      894976 kB


CPU:total 2 (2 cores per cpu, 1 threads per core) family 6 model 42 stepping 7, cmov, cx8, fxsr, mmx, sse, sse2, sse3, ssse3, sse4.1, sse4.2, popcnt, clmul, tsc, tscinvbit

/proc/cpuinfo:
processor	: 0
vendor_id	: GenuineIntel
cpu family	: 6
model		: 42
model name	: Intel(R) Pentium(R) CPU B960 @ 2.20GHz
stepping	: 7
microcode	: 0x28
cpu MHz		: 2200.000
cache size	: 2048 KB
physical id	: 0
siblings	: 2
core id		: 0
cpu cores	: 2
apicid		: 0
initial apicid	: 0
fdiv_bug	: no
f00f_bug	: no
coma_bug	: no
fpu		: yes
fpu_exception	: yes
cpuid level	: 13
wp		: yes
flags		: fpu vme de pse tsc msr pae mce cx8 apic sep mtrr pge mca cmov pat pse36 clflush dts acpi mmx fxsr sse sse2 ss ht tm pbe nx rdtscp lm constant_tsc arch_perfmon pebs bts xtopology nonstop_tsc aperfmperf eagerfpu pni pclmulqdq dtes64 monitor ds_cpl est tm2 ssse3 cx16 xtpr pdcm pcid sse4_1 sse4_2 x2apic popcnt tsc_deadline_timer xsave lahf_lm arat epb xsaveopt pln pts dtherm
bogomips	: 4389.97
clflush size	: 64
cache_alignment	: 64
address sizes	: 36 bits physical, 48 bits virtual
power management:

processor	: 1
vendor_id	: GenuineIntel
cpu family	: 6
model		: 42
model name	: Intel(R) Pentium(R) CPU B960 @ 2.20GHz
stepping	: 7
microcode	: 0x28
cpu MHz		: 2193.210
cache size	: 2048 KB
physical id	: 0
siblings	: 2
core id		: 1
cpu cores	: 2
apicid		: 2
initial apicid	: 2
fdiv_bug	: no
f00f_bug	: no
coma_bug	: no
fpu		: yes
fpu_exception	: yes
cpuid level	: 13
wp		: yes
flags		: fpu vme de pse tsc msr pae mce cx8 apic sep mtrr pge mca cmov pat pse36 clflush dts acpi mmx fxsr sse sse2 ss ht tm pbe nx rdtscp lm constant_tsc arch_perfmon pebs bts xtopology nonstop_tsc aperfmperf eagerfpu pni pclmulqdq dtes64 monitor ds_cpl est tm2 ssse3 cx16 xtpr pdcm pcid sse4_1 sse4_2 x2apic popcnt tsc_deadline_timer xsave lahf_lm arat epb xsaveopt pln pts dtherm
bogomips	: 4389.97
clflush size	: 64
cache_alignment	: 64
address sizes	: 36 bits physical, 48 bits virtual
power management:



Memory: 4k page, physical 3955924k(465388k free), swap 0k(0k free)

vm_info: Java HotSpot(TM) Server VM (25.40-b25) for linux-x86 JRE (1.8.0_40-b25), built on Feb 10 2015 22:05:45 by "java_re" with gcc 4.3.0 20080428 (Red Hat 4.3.0-8)

time: Wed Mar 25 00:04:36 2015
elapsed time: 1 seconds (0d 0h 0m 1s)

